0 info it worked if it ends with ok
1 verbose cli [ 'node', '/usr/local/bin/npm', 'update', '-g', 'npm' ]
2 info using npm@1.4.21
3 info using node@v0.10.30
4 verbose request where is /npm
5 verbose request registry http://registry.npmjs.org/
6 verbose request id 3115259753c74dbc
7 verbose url raw /npm
8 verbose url resolving [ 'http://registry.npmjs.org/', './npm' ]
9 verbose url resolved http://registry.npmjs.org/npm
10 verbose request where is http://registry.npmjs.org/npm
11 info trying registry request attempt 1 at 12:15:23
12 verbose etag "9S1DPWBEBMP5F9YSL5ZSHBANC"
13 http GET http://registry.npmjs.org/npm
14 http 200 http://registry.npmjs.org/npm
15 silly registry.get cb [ 200,
15 silly registry.get   { server: 'CouchDB/1.5.0 (Erlang OTP/R16B03)',
15 silly registry.get     etag: '"AR9WCPEWCZKZOWG6AH44FQSJL"',
15 silly registry.get     'content-type': 'application/json',
15 silly registry.get     'cache-control': 'max-age=60',
15 silly registry.get     'content-length': '1296811',
15 silly registry.get     'accept-ranges': 'bytes',
15 silly registry.get     date: 'Mon, 25 Aug 2014 16:15:24 GMT',
15 silly registry.get     via: '1.1 varnish',
15 silly registry.get     age: '601',
15 silly registry.get     connection: 'keep-alive',
15 silly registry.get     'x-served-by': 'cache-jfk1026-JFK',
15 silly registry.get     'x-cache': 'HIT',
15 silly registry.get     'x-cache-hits': '1',
15 silly registry.get     'x-timer': 'S1408983324.327399,VS0,VE6',
15 silly registry.get     vary: 'Accept' } ]
16 info outdated updating [ [ '/usr/local/lib', 'npm', '1.4.21', '1.4.24', '1.4.24', 'latest' ] ]
17 verbose install where,what [ '/usr/local/lib', [ 'npm@1.4.24' ] ]
18 verbose cache add [ 'npm@1.4.24', null ]
19 verbose cache add name=undefined spec="npm@1.4.24" args=["npm@1.4.24",null]
20 verbose parsed url { protocol: null,
20 verbose parsed url   slashes: null,
20 verbose parsed url   auth: null,
20 verbose parsed url   host: null,
20 verbose parsed url   port: null,
20 verbose parsed url   hostname: null,
20 verbose parsed url   hash: null,
20 verbose parsed url   search: null,
20 verbose parsed url   query: null,
20 verbose parsed url   pathname: 'npm@1.4.24',
20 verbose parsed url   path: 'npm@1.4.24',
20 verbose parsed url   href: 'npm@1.4.24' }
21 verbose cache add name="npm" spec="1.4.24" args=["npm","1.4.24"]
22 verbose parsed url { protocol: null,
22 verbose parsed url   slashes: null,
22 verbose parsed url   auth: null,
22 verbose parsed url   host: null,
22 verbose parsed url   port: null,
22 verbose parsed url   hostname: null,
22 verbose parsed url   hash: null,
22 verbose parsed url   search: null,
22 verbose parsed url   query: null,
22 verbose parsed url   pathname: '1.4.24',
22 verbose parsed url   path: '1.4.24',
22 verbose parsed url   href: '1.4.24' }
23 verbose addNamed [ 'npm', '1.4.24' ]
24 verbose addNamed [ '1.4.24', '1.4.24' ]
25 silly lockFile 9528ab06-npm-1-4-24 npm@1.4.24
26 verbose lock npm@1.4.24 /Users/leeannkinney/.npm/9528ab06-npm-1-4-24.lock
27 verbose registry.get http://registry.npmjs.org/npm not expired, no request
28 silly lockFile 8f2830bf-try-npmjs-org-npm-npm-1-4-24-tgz http://registry.npmjs.org/npm/-/npm-1.4.24.tgz
29 verbose lock http://registry.npmjs.org/npm/-/npm-1.4.24.tgz /Users/leeannkinney/.npm/8f2830bf-try-npmjs-org-npm-npm-1-4-24-tgz.lock
30 verbose addRemoteTarball [ 'http://registry.npmjs.org/npm/-/npm-1.4.24.tgz',
30 verbose addRemoteTarball   '78125bb55dc592b9cbf4aff44e33d5d81c9471af' ]
31 info retry fetch attempt 1 at 12:15:25
32 verbose fetch to= /var/folders/4b/f9n3ggvd3jqbyvzw41jkwy880000gr/T/npm-3566-lFawLND8/registry.npmjs.org/npm/-/npm-1.4.24.tgz
33 http GET http://registry.npmjs.org/npm/-/npm-1.4.24.tgz
34 http 200 http://registry.npmjs.org/npm/-/npm-1.4.24.tgz
35 silly lockFile 8f2830bf-try-npmjs-org-npm-npm-1-4-24-tgz http://registry.npmjs.org/npm/-/npm-1.4.24.tgz
36 silly lockFile 8f2830bf-try-npmjs-org-npm-npm-1-4-24-tgz http://registry.npmjs.org/npm/-/npm-1.4.24.tgz
37 silly lockFile 9528ab06-npm-1-4-24 npm@1.4.24
38 silly lockFile 9528ab06-npm-1-4-24 npm@1.4.24
39 silly resolved [ { version: '1.4.24',
39 silly resolved     name: 'npm',
39 silly resolved     description: 'A package manager for node',
39 silly resolved     keywords: [ 'package manager', 'modules', 'install', 'package.json' ],
39 silly resolved     preferGlobal: true,
39 silly resolved     config: { publishtest: false },
39 silly resolved     homepage: 'https://npmjs.org/doc/',
39 silly resolved     author:
39 silly resolved      { name: 'Isaac Z. Schlueter',
39 silly resolved        email: 'i@izs.me',
39 silly resolved        url: 'http://blog.izs.me' },
39 silly resolved     repository: { type: 'git', url: 'https://github.com/npm/npm' },
39 silly resolved     bugs:
39 silly resolved      { url: 'http://github.com/npm/npm/issues',
39 silly resolved        email: 'npm-@googlegroups.com' },
39 silly resolved     directories: { doc: './doc', man: './man', lib: './lib', bin: './bin' },
39 silly resolved     main: './lib/npm.js',
39 silly resolved     bin: { npm: './bin/npm-cli.js' },
39 silly resolved     dependencies:
39 silly resolved      { abbrev: '~1.0.5',
39 silly resolved        ansi: '~0.3.0',
39 silly resolved        ansicolors: '~0.3.2',
39 silly resolved        ansistyles: '~0.1.3',
39 silly resolved        archy: '0',
39 silly resolved        'block-stream': '0.0.7',
39 silly resolved        'char-spinner': '~1.0.1',
39 silly resolved        'child-process-close': '~0.1.1',
39 silly resolved        chmodr: '~0.1.0',
39 silly resolved        chownr: '0',
39 silly resolved        'cmd-shim': '~1.1.2',
39 silly resolved        columnify: '~1.1.0',
39 silly resolved        editor: '~0.1.0',
39 silly resolved        fstream: '~1.0.0',
39 silly resolved        'fstream-npm': '~1.0.0',
39 silly resolved        'github-url-from-git': '~1.3.0',
39 silly resolved        'github-url-from-username-repo': '~0.2.0',
39 silly resolved        glob: '~4.0.5',
39 silly resolved        'graceful-fs': '~3.0.0',
39 silly resolved        inflight: '~1.0.1',
39 silly resolved        ini: '~1.2.0',
39 silly resolved        'init-package-json': '~1.0.0',
39 silly resolved        lockfile: '~0.4.0',
39 silly resolved        'lru-cache': '~2.5.0',
39 silly resolved        minimatch: '~1.0.0',
39 silly resolved        mkdirp: '~0.5.0',
39 silly resolved        'node-gyp': '~1.0.1',
39 silly resolved        nopt: '~3.0.1',
39 silly resolved        'npm-cache-filename': '~1.0.1',
39 silly resolved        'npm-install-checks': '~1.0.2',
39 silly resolved        'npm-registry-client': '~2.0.4',
39 silly resolved        'npm-user-validate': '~0.1.0',
39 silly resolved        npmconf: '~1.1.4',
39 silly resolved        npmlog: '~0.1.1',
39 silly resolved        once: '~1.3.0',
39 silly resolved        opener: '~1.3.0',
39 silly resolved        osenv: '~0.1.0',
39 silly resolved        'path-is-inside': '~1.0.0',
39 silly resolved        read: '~1.0.4',
39 silly resolved        'read-installed': '~2.0.5',
39 silly resolved        'read-package-json': '~1.2.6',
39 silly resolved        request: '~2.30.0',
39 silly resolved        retry: '~0.6.0',
39 silly resolved        rimraf: '~2.2.8',
39 silly resolved        semver: '~2.3.0',
39 silly resolved        sha: '~1.2.1',
39 silly resolved        slide: '~1.1.5',
39 silly resolved        'sorted-object': '~1.0.0',
39 silly resolved        tar: '~1.0.0',
39 silly resolved        'text-table': '~0.2.0',
39 silly resolved        'uid-number': '0.0.5',
39 silly resolved        which: '1' },
39 silly resolved     bundleDependencies:
39 silly resolved      [ 'abbrev',
39 silly resolved        'ansi',
39 silly resolved        'ansicolors',
39 silly resolved        'ansistyles',
39 silly resolved        'archy',
39 silly resolved        'block-stream',
39 silly resolved        'char-spinner',
39 silly resolved        'child-process-close',
39 silly resolved        'chmodr',
39 silly resolved        'chownr',
39 silly resolved        'cmd-shim',
39 silly resolved        'columnify',
39 silly resolved        'editor',
39 silly resolved        'fstream',
39 silly resolved        'fstream-npm',
39 silly resolved        'github-url-from-git',
39 silly resolved        'github-url-from-username-repo',
39 silly resolved        'glob',
39 silly resolved        'graceful-fs',
39 silly resolved        'inflight',
39 silly resolved        'inherits',
39 silly resolved        'ini',
39 silly resolved        'init-package-json',
39 silly resolved        'lockfile',
39 silly resolved        'lru-cache',
39 silly resolved        'minimatch',
39 silly resolved        'mkdirp',
39 silly resolved        'node-gyp',
39 silly resolved        'nopt',
39 silly resolved        'npm-cache-filename',
39 silly resolved        'npm-install-checks',
39 silly resolved        'npm-registry-client',
39 silly resolved        'npm-user-validate',
39 silly resolved        'npmconf',
39 silly resolved        'npmlog',
39 silly resolved        'once',
39 silly resolved        'opener',
39 silly resolved        'osenv',
39 silly resolved        'path-is-inside',
39 silly resolved        'read',
39 silly resolved        'read-installed',
39 silly resolved        'read-package-json',
39 silly resolved        'request',
39 silly resolved        'retry',
39 silly resolved        'rimraf',
39 silly resolved        'semver',
39 silly resolved        'sha',
39 silly resolved        'slide',
39 silly resolved        'sorted-object',
39 silly resolved        'tar',
39 silly resolved        'text-table',
39 silly resolved        'uid-number',
39 silly resolved        'which' ],
39 silly resolved     devDependencies:
39 silly resolved      { marked: '~0.3.2',
39 silly resolved        'npm-registry-couchapp': '~2.3.6',
39 silly resolved        'npm-registry-mock': '~0.6.3',
39 silly resolved        ronn: '~0.3.6',
39 silly resolved        tap: '~0.4.9' },
39 silly resolved     engines: { node: '>=0.8', npm: '1' },
39 silly resolved     scripts:
39 silly resolved      { 'test-legacy': 'node ./test/run.js',
39 silly resolved        test: 'tap --timeout 120 test/tap/*.js',
39 silly resolved        tap: 'tap --timeout 120 test/tap/*.js',
39 silly resolved        'test-all': 'node ./test/run.js && tap test/tap/*.js',
39 silly resolved        prepublish: 'node bin/npm-cli.js prune --prefix=. --no-global && rm -rf test/*/*/node_modules && make -j8 doc',
39 silly resolved        dumpconf: 'env | grep npm | sort | uniq' },
39 silly resolved     license: 'Artistic-2.0',
39 silly resolved     man:
39 silly resolved      [ '/Users/ogd/Documents/projects/npm/npm/man/man1/npm-README.1',
39 silly resolved        '/Users/ogd/Documents/projects/npm/npm/man/man1/npm-adduser.1',
39 silly resolved        '/Users/ogd/Documents/projects/npm/npm/man/man1/npm-bin.1',
39 silly resolved        '/Users/ogd/Documents/projects/npm/npm/man/man1/npm-bugs.1',
39 silly resolved        '/Users/ogd/Documents/projects/npm/npm/man/man1/npm-build.1',
39 silly resolved        '/Users/ogd/Documents/projects/npm/npm/man/man1/npm-bundle.1',
39 silly resolved        '/Users/ogd/Documents/projects/npm/npm/man/man1/npm-cache.1',
39 silly resolved        '/Users/ogd/Documents/projects/npm/npm/man/man1/npm-completion.1',
39 silly resolved        '/Users/ogd/Documents/projects/npm/npm/man/man1/npm-config.1',
39 silly resolved        '/Users/ogd/Documents/projects/npm/npm/man/man1/npm-dedupe.1',
39 silly resolved        '/Users/ogd/Documents/projects/npm/npm/man/man1/npm-deprecate.1',
39 silly resolved        '/Users/ogd/Documents/projects/npm/npm/man/man1/npm-docs.1',
39 silly resolved        '/Users/ogd/Documents/projects/npm/npm/man/man1/npm-edit.1',
39 silly resolved        '/Users/ogd/Documents/projects/npm/npm/man/man1/npm-explore.1',
39 silly resolved        '/Users/ogd/Documents/projects/npm/npm/man/man1/npm-help-search.1',
39 silly resolved        '/Users/ogd/Documents/projects/npm/npm/man/man1/npm-help.1',
39 silly resolved        '/Users/ogd/Documents/projects/npm/npm/man/man1/npm-init.1',
39 silly resolved        '/Users/ogd/Documents/projects/npm/npm/man/man1/npm-install.1',
39 silly resolved        '/Users/ogd/Documents/projects/npm/npm/man/man1/npm-link.1',
39 silly resolved        '/Users/ogd/Documents/projects/npm/npm/man/man1/npm-ls.1',
39 silly resolved        '/Users/ogd/Documents/projects/npm/npm/man/man1/npm-outdated.1',
39 silly resolved        '/Users/ogd/Documents/projects/npm/npm/man/man1/npm-owner.1',
39 silly resolved        '/Users/ogd/Documents/projects/npm/npm/man/man1/npm-pack.1',
39 silly resolved        '/Users/ogd/Documents/projects/npm/npm/man/man1/npm-prefix.1',
39 silly resolved        '/Users/ogd/Documents/projects/npm/npm/man/man1/npm-prune.1',
39 silly resolved        '/Users/ogd/Documents/projects/npm/npm/man/man1/npm-publish.1',
39 silly resolved        '/Users/ogd/Documents/projects/npm/npm/man/man1/npm-rebuild.1',
39 silly resolved        '/Users/ogd/Documents/projects/npm/npm/man/man1/npm-repo.1',
39 silly resolved        '/Users/ogd/Documents/projects/npm/npm/man/man1/npm-restart.1',
39 silly resolved        '/Users/ogd/Documents/projects/npm/npm/man/man1/npm-rm.1',
39 silly resolved        '/Users/ogd/Documents/projects/npm/npm/man/man1/npm-root.1',
39 silly resolved        '/Users/ogd/Documents/projects/npm/npm/man/man1/npm-run-script.1',
39 silly resolved        '/Users/ogd/Documents/projects/npm/npm/man/man1/npm-search.1',
39 silly resolved        '/Users/ogd/Documents/projects/npm/npm/man/man1/npm-shrinkwrap.1',
39 silly resolved        '/Users/ogd/Documents/projects/npm/npm/man/man1/npm-star.1',
39 silly resolved        '/Users/ogd/Documents/projects/npm/npm/man/man1/npm-stars.1',
39 silly resolved        '/Users/ogd/Documents/projects/npm/npm/man/man1/npm-start.1',
39 silly resolved        '/Users/ogd/Documents/projects/npm/npm/man/man1/npm-stop.1',
39 silly resolved        '/Users/ogd/Documents/projects/npm/npm/man/man1/npm-submodule.1',
39 silly resolved        '/Users/ogd/Documents/projects/npm/npm/man/man1/npm-tag.1',
39 silly resolved        '/Users/ogd/Documents/projects/npm/npm/man/man1/npm-test.1',
39 silly resolved        '/Users/ogd/Documents/projects/npm/npm/man/man1/npm-uninstall.1',
39 silly resolved        '/Users/ogd/Documents/projects/npm/npm/man/man1/npm-unpublish.1',
39 silly resolved        '/Users/ogd/Documents/projects/npm/npm/man/man1/npm-update.1',
39 silly resolved        '/Users/ogd/Documents/projects/npm/npm/man/man1/npm-version.1',
39 silly resolved        '/Users/ogd/Documents/projects/npm/npm/man/man1/npm-view.1',
39 silly resolved        '/Users/ogd/Documents/projects/npm/npm/man/man1/npm-whoami.1',
39 silly resolved        '/Users/ogd/Documents/projects/npm/npm/man/man1/npm.1',
39 silly resolved        '/Users/ogd/Documents/projects/npm/npm/man/man3/npm-bin.3',
39 silly resolved        '/Users/ogd/Documents/projects/npm/npm/man/man3/npm-bugs.3',
39 silly resolved        '/Users/ogd/Documents/projects/npm/npm/man/man3/npm-cache.3',
39 silly resolved        '/Users/ogd/Documents/projects/npm/npm/man/man3/npm-commands.3',
39 silly resolved        '/Users/ogd/Documents/projects/npm/npm/man/man3/npm-config.3',
39 silly resolved        '/Users/ogd/Documents/projects/npm/npm/man/man3/npm-deprecate.3',
39 silly resolved        '/Users/ogd/Documents/projects/npm/npm/man/man3/npm-docs.3',
39 silly resolved        '/Users/ogd/Documents/projects/npm/npm/man/man3/npm-edit.3',
39 silly resolved        '/Users/ogd/Documents/projects/npm/npm/man/man3/npm-explore.3',
39 silly resolved        '/Users/ogd/Documents/projects/npm/npm/man/man3/npm-help-search.3',
39 silly resolved        '/Users/ogd/Documents/projects/npm/npm/man/man3/npm-init.3',
39 silly resolved        '/Users/ogd/Documents/projects/npm/npm/man/man3/npm-install.3',
39 silly resolved        '/Users/ogd/Documents/projects/npm/npm/man/man3/npm-link.3',
39 silly resolved        '/Users/ogd/Documents/projects/npm/npm/man/man3/npm-load.3',
39 silly resolved        '/Users/ogd/Documents/projects/npm/npm/man/man3/npm-ls.3',
39 silly resolved        '/Users/ogd/Documents/projects/npm/npm/man/man3/npm-outdated.3',
39 silly resolved        '/Users/ogd/Documents/projects/npm/npm/man/man3/npm-owner.3',
39 silly resolved        '/Users/ogd/Documents/projects/npm/npm/man/man3/npm-pack.3',
39 silly resolved        '/Users/ogd/Documents/projects/npm/npm/man/man3/npm-prefix.3',
39 silly resolved        '/Users/ogd/Documents/projects/npm/npm/man/man3/npm-prune.3',
39 silly resolved        '/Users/ogd/Documents/projects/npm/npm/man/man3/npm-publish.3',
39 silly resolved        '/Users/ogd/Documents/projects/npm/npm/man/man3/npm-rebuild.3',
39 silly resolved        '/Users/ogd/Documents/projects/npm/npm/man/man3/npm-repo.3',
39 silly resolved        '/Users/ogd/Documents/projects/npm/npm/man/man3/npm-restart.3',
39 silly resolved        '/Users/ogd/Documents/projects/npm/npm/man/man3/npm-root.3',
39 silly resolved        '/Users/ogd/Documents/projects/npm/npm/man/man3/npm-run-script.3',
39 silly resolved        '/Users/ogd/Documents/projects/npm/npm/man/man3/npm-search.3',
39 silly resolved        '/Users/ogd/Documents/projects/npm/npm/man/man3/npm-shrinkwrap.3',
39 silly resolved        '/Users/ogd/Documents/projects/npm/npm/man/man3/npm-start.3',
39 silly resolved        '/Users/ogd/Documents/projects/npm/npm/man/man3/npm-stop.3',
39 silly resolved        '/Users/ogd/Documents/projects/npm/npm/man/man3/npm-submodule.3',
39 silly resolved        '/Users/ogd/Documents/projects/npm/npm/man/man3/npm-tag.3',
39 silly resolved        '/Users/ogd/Documents/projects/npm/npm/man/man3/npm-test.3',
39 silly resolved        '/Users/ogd/Documents/projects/npm/npm/man/man3/npm-uninstall.3',
39 silly resolved        '/Users/ogd/Documents/projects/npm/npm/man/man3/npm-unpublish.3',
39 silly resolved        '/Users/ogd/Documents/projects/npm/npm/man/man3/npm-update.3',
39 silly resolved        '/Users/ogd/Documents/projects/npm/npm/man/man3/npm-version.3',
39 silly resolved        '/Users/ogd/Documents/projects/npm/npm/man/man3/npm-view.3',
39 silly resolved        '/Users/ogd/Documents/projects/npm/npm/man/man3/npm-whoami.3',
39 silly resolved        '/Users/ogd/Documents/projects/npm/npm/man/man3/npm.3',
39 silly resolved        '/Users/ogd/Documents/projects/npm/npm/man/man5/npm-folders.5',
39 silly resolved        '/Users/ogd/Documents/projects/npm/npm/man/man5/npm-global.5',
39 silly resolved        '/Users/ogd/Documents/projects/npm/npm/man/man5/npm-json.5',
39 silly resolved        '/Users/ogd/Documents/projects/npm/npm/man/man5/npmrc.5',
39 silly resolved        '/Users/ogd/Documents/projects/npm/npm/man/man5/package.json.5',
39 silly resolved        '/Users/ogd/Documents/projects/npm/npm/man/man7/npm-coding-style.7',
39 silly resolved        '/Users/ogd/Documents/projects/npm/npm/man/man7/npm-config.7',
39 silly resolved        '/Users/ogd/Documents/projects/npm/npm/man/man7/npm-developers.7',
39 silly resolved        '/Users/ogd/Documents/projects/npm/npm/man/man7/npm-disputes.7',
39 silly resolved        '/Users/ogd/Documents/projects/npm/npm/man/man7/npm-faq.7',
39 silly resolved        '/Users/ogd/Documents/projects/npm/npm/man/man7/npm-index.7',
39 silly resolved        '/Users/ogd/Documents/projects/npm/npm/man/man7/npm-registry.7',
39 silly resolved        '/Users/ogd/Documents/projects/npm/npm/man/man7/npm-scripts.7',
39 silly resolved        '/Users/ogd/Documents/projects/npm/npm/man/man7/removing-npm.7',
39 silly resolved        '/Users/ogd/Documents/projects/npm/npm/man/man7/semver.7' ],
39 silly resolved     contributors:
39 silly resolved      [ [Object],
39 silly resolved        [Object],
39 silly resolved        [Object],
39 silly resolved        [Object],
39 silly resolved        [Object],
39 silly resolved        [Object],
39 silly resolved        [Object],
39 silly resolved        [Object],
39 silly resolved        [Object],
39 silly resolved        [Object],
39 silly resolved        [Object],
39 silly resolved        [Object],
39 silly resolved        [Object],
39 silly resolved        [Object],
39 silly resolved        [Object],
39 silly resolved        [Object],
39 silly resolved        [Object],
39 silly resolved        [Object],
39 silly resolved        [Object],
39 silly resolved        [Object],
39 silly resolved        [Object],
39 silly resolved        [Object],
39 silly resolved        [Object],
39 silly resolved        [Object],
39 silly resolved        [Object],
39 silly resolved        [Object],
39 silly resolved        [Object],
39 silly resolved        [Object],
39 silly resolved        [Object],
39 silly resolved        [Object],
39 silly resolved        [Object],
39 silly resolved        [Object],
39 silly resolved        [Object],
39 silly resolved        [Object],
39 silly resolved        [Object],
39 silly resolved        [Object],
39 silly resolved        [Object],
39 silly resolved        [Object],
39 silly resolved        [Object],
39 silly resolved        [Object],
39 silly resolved        [Object],
39 silly resolved        [Object],
39 silly resolved        [Object],
39 silly resolved        [Object],
39 silly resolved        [Object],
39 silly resolved        [Object],
39 silly resolved        [Object],
39 silly resolved        [Object],
39 silly resolved        [Object],
39 silly resolved        [Object],
39 silly resolved        [Object],
39 silly resolved        [Object],
39 silly resolved        [Object],
39 silly resolved        [Object],
39 silly resolved        [Object],
39 silly resolved        [Object],
39 silly resolved        [Object],
39 silly resolved        [Object],
39 silly resolved        [Object],
39 silly resolved        [Object],
39 silly resolved        [Object],
39 silly resolved        [Object],
39 silly resolved        [Object],
39 silly resolved        [Object],
39 silly resolved        [Object],
39 silly resolved        [Object],
39 silly resolved        [Object],
39 silly resolved        [Object],
39 silly resolved        [Object],
39 silly resolved        [Object],
39 silly resolved        [Object],
39 silly resolved        [Object],
39 silly resolved        [Object],
39 silly resolved        [Object],
39 silly resolved        [Object],
39 silly resolved        [Object],
39 silly resolved        [Object],
39 silly resolved        [Object],
39 silly resolved        [Object],
39 silly resolved        [Object],
39 silly resolved        [Object],
39 silly resolved        [Object],
39 silly resolved        [Object],
39 silly resolved        [Object],
39 silly resolved        [Object],
39 silly resolved        [Object],
39 silly resolved        [Object],
39 silly resolved        [Object],
39 silly resolved        [Object],
39 silly resolved        [Object],
39 silly resolved        [Object],
39 silly resolved        [Object],
39 silly resolved        [Object],
39 silly resolved        [Object],
39 silly resolved        [Object],
39 silly resolved        [Object],
39 silly resolved        [Object],
39 silly resolved        [Object],
39 silly resolved        [Object],
39 silly resolved        [Object],
39 silly resolved        [Object],
39 silly resolved        [Object],
39 silly resolved        [Object],
39 silly resolved        [Object],
39 silly resolved        [Object],
39 silly resolved        [Object],
39 silly resolved        [Object],
39 silly resolved        [Object],
39 silly resolved        [Object],
39 silly resolved        [Object],
39 silly resolved        [Object],
39 silly resolved        [Object],
39 silly resolved        [Object],
39 silly resolved        [Object],
39 silly resolved        [Object],
39 silly resolved        [Object],
39 silly resolved        [Object],
39 silly resolved        [Object],
39 silly resolved        [Object],
39 silly resolved        [Object],
39 silly resolved        [Object],
39 silly resolved        [Object],
39 silly resolved        [Object],
39 silly resolved        [Object],
39 silly resolved        [Object],
39 silly resolved        [Object],
39 silly resolved        [Object],
39 silly resolved        [Object],
39 silly resolved        [Object],
39 silly resolved        [Object],
39 silly resolved        [Object],
39 silly resolved        [Object],
39 silly resolved        [Object],
39 silly resolved        [Object],
39 silly resolved        [Object],
39 silly resolved        [Object],
39 silly resolved        [Object],
39 silly resolved        [Object],
39 silly resolved        [Object],
39 silly resolved        [Object],
39 silly resolved        [Object],
39 silly resolved        [Object],
39 silly resolved        [Object],
39 silly resolved        [Object],
39 silly resolved        [Object],
39 silly resolved        [Object],
39 silly resolved        [Object],
39 silly resolved        [Object],
39 silly resolved        [Object],
39 silly resolved        [Object],
39 silly resolved        [Object],
39 silly resolved        [Object],
39 silly resolved        [Object],
39 silly resolved        [Object],
39 silly resolved        [Object],
39 silly resolved        [Object],
39 silly resolved        [Object] ],
39 silly resolved     gitHead: '39a7c5b3b5a38bce5e39f079742b213d30767e2a',
39 silly resolved     _id: 'npm@1.4.24',
39 silly resolved     _shasum: '78125bb55dc592b9cbf4aff44e33d5d81c9471af',
39 silly resolved     _from: 'npm@1.4.24',
39 silly resolved     _npmVersion: '1.4.24',
39 silly resolved     _npmUser: { name: 'othiym23', email: 'ogd@aoaioxxysz.net' },
39 silly resolved     maintainers: [ [Object], [Object] ],
39 silly resolved     dist:
39 silly resolved      { shasum: '78125bb55dc592b9cbf4aff44e33d5d81c9471af',
39 silly resolved        tarball: 'http://registry.npmjs.org/npm/-/npm-1.4.24.tgz' },
39 silly resolved     _resolved: 'http://registry.npmjs.org/npm/-/npm-1.4.24.tgz' } ]
40 info install npm@1.4.24 into /usr/local/lib
41 info installOne npm@1.4.24
42 verbose lib/node_modules/npm unbuild
43 info preuninstall npm@1.4.21
44 info uninstall npm@1.4.21
45 verbose true,/usr/local/lib/node_modules,/usr/local/lib/node_modules unbuild npm@1.4.21
46 verbose /usr/local/bin,[object Object] binRoot
47 info postuninstall npm@1.4.21
48 verbose lib/node_modules/npm unbuild
49 info preuninstall npm@1.4.21
50 info uninstall npm@1.4.21
51 verbose true,/usr/local/lib/node_modules,/usr/local/lib/node_modules unbuild npm@1.4.21
52 verbose /usr/local/bin,[object Object] binRoot
53 info postuninstall npm@1.4.21
54 error error rolling back Error: EACCES, unlink '/usr/local/lib/node_modules/npm'
54 error error rolling back  npm@1.4.24 { [Error: EACCES, unlink '/usr/local/lib/node_modules/npm']
54 error error rolling back   errno: 3,
54 error error rolling back   code: 'EACCES',
54 error error rolling back   path: '/usr/local/lib/node_modules/npm' }
55 error Error: EACCES, unlink '/usr/local/lib/node_modules/npm'
55 error  { [Error: EACCES, unlink '/usr/local/lib/node_modules/npm']
55 error   errno: 3,
55 error   code: 'EACCES',
55 error   path: '/usr/local/lib/node_modules/npm' }
56 error Please try running this command again as root/Administrator.
57 error System Darwin 13.3.0
58 error command "node" "/usr/local/bin/npm" "update" "-g" "npm"
59 error cwd /Users/leeannkinney/dev/map-example
60 error node -v v0.10.30
61 error npm -v 1.4.21
62 error path /usr/local/lib/node_modules/npm
63 error code EACCES
64 error errno 3
65 error stack Error: EACCES, unlink '/usr/local/lib/node_modules/npm'
66 verbose exit [ 3, true ]
